<?xml version="1.0" encoding="utf-8"?><testsuites name="pytest tests"><testsuite name="pytest" errors="0" failures="1" skipped="0" tests="27" time="3.491" timestamp="2026-08-02T12:42:03.906135+00:00" hostname="agent-env-7b26fdc9-72e4-40f3-99e6-18ebc0afa9c9"><testcase classname="tests.test_tyre_express.TestHealth" name="test_root_health" time="0.120" /><testcase classname="tests.test_tyre_express.TestAuth" name="test_01_register_driver" time="0.262" /><testcase classname="tests.test_tyre_express.TestAuth" name="test_02_register_mechanic" time="0.254" /><testcase classname="tests.test_tyre_express.TestAuth" name="test_03_register_duplicate_email" time="0.029" /><testcase classname="tests.test_tyre_express.TestAuth" name="test_04_login_seed_mechanic" time="0.293" /><testcase classname="tests.test_tyre_express.TestAuth" name="test_05_login_invalid" time="0.253" /><testcase classname="tests.test_tyre_express.TestAuth" name="test_06_me" time="0.043" /><testcase classname="tests.test_tyre_express.TestAuth" name="test_07_me_no_token" time="0.038" /><testcase classname="tests.test_tyre_express.TestAuth" name="test_08_update_location" time="0.098" /><testcase classname="tests.test_tyre_express.TestAuth" name="test_09_toggle_online" time="0.074" /><testcase classname="tests.test_tyre_express.TestMechanics" name="test_10_mechanics_nearby" time="0.035" /><testcase classname="tests.test_tyre_express.TestRequests" name="test_11_create_request_autoassign" time="0.031" /><testcase classname="tests.test_tyre_express.TestRequests" name="test_12_get_request_by_id" time="0.071" /><testcase classname="tests.test_tyre_express.TestRequests" name="test_13_my_requests" time="0.035" /><testcase classname="tests.test_tyre_express.TestRequests" name="test_14_assigned_requests_as_mechanic" time="0.034" /><testcase classname="tests.test_tyre_express.TestRequests" name="test_15_assigned_forbidden_for_user" time="0.032" /><testcase classname="tests.test_tyre_express.TestRequests" name="test_16_status_transitions" time="0.183" /><testcase classname="tests.test_tyre_express.TestRequests" name="test_17_review" time="0.102" /><testcase classname="tests.test_tyre_express.TestSOS" name="test_18_add_sos_contact" time="0.070" /><testcase classname="tests.test_tyre_express.TestSOS" name="test_19_get_sos_contacts" time="0.030" /><testcase classname="tests.test_tyre_express.TestSOS" name="test_20_sos_alert_returns_map_link" time="0.070" /><testcase classname="tests.test_tyre_express.TestSOS" name="test_21_delete_sos_contact" time="0.073" /><testcase classname="tests.test_tyre_express.TestAI" name="test_22_ai_analyze" time="0.963" /><testcase classname="tests.test_tyre_express.TestPayments" name="test_23_intent_card_stripe" time="0.056"><failure message="AssertionError: {&quot;detail&quot;:&quot;Stripe error: Invalid API Key provided: sk_test_****gent&quot;}&#10;assert 500 == 200&#10; +  where 500 = &lt;Response [500]&gt;.status_code">backend/tests/test_tyre_express.py:342: in test_23_intent_card_stripe
    assert r.status_code == 200, r.text
E   AssertionError: {"detail":"Stripe error: Invalid API Key provided: sk_test_****gent"}
E   assert 500 == 200
E    +  where 500 = &lt;Response [500]&gt;.status_code</failure></testcase><testcase classname="tests.test_tyre_express.TestPayments" name="test_24_intent_upi" time="0.029" /><testcase classname="tests.test_tyre_express.TestPayments" name="test_25_intent_cash" time="0.060" /><testcase classname="tests.test_tyre_express.TestPayments" name="test_26_mock_confirm" time="0.106" /></testsuite></testsuites>